  Linked.cpp
C:\Users\Jefer\Documents\GitHub\tratandoDePasarElRamo\proyectoTaller365\Linked.h(12,6): error C2143: error de sintaxis: falta ';' delante de '*'
C:\Users\Jefer\Documents\GitHub\tratandoDePasarElRamo\proyectoTaller365\Linked.h(12,6): error C4430: falta el especificador de tipo; se presupone int. Nota: C++ no admite default-int
C:\Users\Jefer\Documents\GitHub\tratandoDePasarElRamo\proyectoTaller365\Linked.h(12,14): error C2238: símbolos (token) inesperados delante de ';'
C:\Users\Jefer\Documents\GitHub\tratandoDePasarElRamo\proyectoTaller365\Linked.cpp(11,5): error C2065: 'header': identificador no declarado
C:\Users\Jefer\Documents\GitHub\tratandoDePasarElRamo\proyectoTaller365\Linked.cpp(16,9): error C2065: 'header': identificador no declarado
C:\Users\Jefer\Documents\GitHub\tratandoDePasarElRamo\proyectoTaller365\Linked.cpp(17,9): error C2065: 'header': identificador no declarado
C:\Users\Jefer\Documents\GitHub\tratandoDePasarElRamo\proyectoTaller365\Linked.cpp(20,25): error C2065: 'header': identificador no declarado
C:\Users\Jefer\Documents\GitHub\tratandoDePasarElRamo\proyectoTaller365\Linked.cpp(28,17): error C2065: 'header': identificador no declarado
C:\Users\Jefer\Documents\GitHub\tratandoDePasarElRamo\proyectoTaller365\Linked.cpp(37,9): error C2065: 'header': identificador no declarado
C:\Users\Jefer\Documents\GitHub\tratandoDePasarElRamo\proyectoTaller365\Linked.cpp(41,16): error C2065: 'header': identificador no declarado
C:\Users\Jefer\Documents\GitHub\tratandoDePasarElRamo\proyectoTaller365\Linked.cpp(42,21): error C2065: 'header': identificador no declarado
C:\Users\Jefer\Documents\GitHub\tratandoDePasarElRamo\proyectoTaller365\Linked.cpp(43,13): error C2065: 'header': identificador no declarado
C:\Users\Jefer\Documents\GitHub\tratandoDePasarElRamo\proyectoTaller365\Linked.cpp(43,22): error C2065: 'header': identificador no declarado
  main.cpp
C:\Users\Jefer\Documents\GitHub\tratandoDePasarElRamo\proyectoTaller365\Linked.h(12,6): error C2143: error de sintaxis: falta ';' delante de '*'
C:\Users\Jefer\Documents\GitHub\tratandoDePasarElRamo\proyectoTaller365\Linked.h(12,6): error C4430: falta el especificador de tipo; se presupone int. Nota: C++ no admite default-int
C:\Users\Jefer\Documents\GitHub\tratandoDePasarElRamo\proyectoTaller365\Linked.h(12,14): error C2238: símbolos (token) inesperados delante de ';'
  Nodo.cpp
C:\Users\Jefer\Documents\GitHub\tratandoDePasarElRamo\proyectoTaller365\Linked.h(12,6): error C2143: error de sintaxis: falta ';' delante de '*'
C:\Users\Jefer\Documents\GitHub\tratandoDePasarElRamo\proyectoTaller365\Linked.h(12,6): error C4430: falta el especificador de tipo; se presupone int. Nota: C++ no admite default-int
C:\Users\Jefer\Documents\GitHub\tratandoDePasarElRamo\proyectoTaller365\Linked.h(12,14): error C2238: símbolos (token) inesperados delante de ';'
